<?xml version="1.0" encoding="UTF-8"?>
<!-- Generated by org.testng.reporters.JUnitXMLReporter -->
<testsuite ignored="0" hostname="RSI1587" failures="0" tests="2" name="Default test" time="27.272" errors="0" timestamp="2020-03-17T16:47:56 GMT-03:00">
  <testcase classname="br.com.rsinet.HUB_TDD.testeNormal.BuscaPelaPaginaInicial" name="EscolherProduto" time="2.533"/>
  <testcase classname="br.com.rsinet.HUB_TDD.testeNormal.BuscaPelaPaginaInicial" name="EscolherProduto2" time="0.569"/>
</testsuite> <!-- Default test -->
