<?xml version="1.0" encoding="UTF-8"?>
<testng-results ignored="0" total="1" passed="1" failed="0" skipped="0">
  <reporter-output>
  </reporter-output>
  <suite started-at="2020-01-27T13:25:37 BRT" name="Default suite" finished-at="2020-01-27T13:25:54 BRT" duration-ms="17060">
    <groups>
    </groups>
    <test started-at="2020-01-27T13:25:37 BRT" name="Default test" finished-at="2020-01-27T13:25:54 BRT" duration-ms="17060">
      <class name="br.com.rsinet.HUB_TDD.testenegativo.CadastroTesteNegativo">
        <test-method is-config="true" signature="IniciaReport()[pri:0, instance:br.com.rsinet.HUB_TDD.testenegativo.CadastroTesteNegativo@1329eff]" started-at="2020-01-27T13:25:37 BRT" name="IniciaReport" finished-at="2020-01-27T13:25:37 BRT" duration-ms="123" status="PASS">
          <reporter-output>
          </reporter-output>
        </test-method> <!-- IniciaReport -->
        <test-method is-config="true" signature="AbrirNavegador()[pri:0, instance:br.com.rsinet.HUB_TDD.testenegativo.CadastroTesteNegativo@1329eff]" started-at="2020-01-27T13:25:37 BRT" name="AbrirNavegador" finished-at="2020-01-27T13:25:48 BRT" duration-ms="10765" status="PASS">
          <reporter-output>
          </reporter-output>
        </test-method> <!-- AbrirNavegador -->
        <test-method signature="RealizarCadastro()[pri:0, instance:br.com.rsinet.HUB_TDD.testenegativo.CadastroTesteNegativo@1329eff]" started-at="2020-01-27T13:25:48 BRT" name="RealizarCadastro" finished-at="2020-01-27T13:25:53 BRT" duration-ms="5008" status="PASS">
          <reporter-output>
          </reporter-output>
        </test-method> <!-- RealizarCadastro -->
        <test-method is-config="true" signature="FecharNavegador(org.testng.ITestResult)[pri:0, instance:br.com.rsinet.HUB_TDD.testenegativo.CadastroTesteNegativo@1329eff]" started-at="2020-01-27T13:25:53 BRT" name="FecharNavegador" finished-at="2020-01-27T13:25:54 BRT" duration-ms="1131" status="PASS">
          <params>
            <param index="0">
              <value>
                <![CDATA[[TestResult name=RealizarCadastro status=SUCCESS method=CadastroTesteNegativo.RealizarCadastro()[pri:0, instance:br.com.rsinet.HUB_TDD.testenegativo.CadastroTesteNegativo@1329eff] output={null}]]]>
              </value>
            </param>
          </params>
          <reporter-output>
          </reporter-output>
        </test-method> <!-- FecharNavegador -->
      </class> <!-- br.com.rsinet.HUB_TDD.testenegativo.CadastroTesteNegativo -->
    </test> <!-- Default test -->
  </suite> <!-- Default suite -->
</testng-results>
