<?xml version="1.0" encoding="UTF-8"?>
<testng-results ignored="0" total="1" passed="1" failed="0" skipped="0">
  <reporter-output>
  </reporter-output>
  <suite started-at="2020-01-21T13:43:24 BRT" name="Default suite" finished-at="2020-01-21T13:43:38 BRT" duration-ms="13922">
    <groups>
    </groups>
    <test started-at="2020-01-21T13:43:24 BRT" name="Default test" finished-at="2020-01-21T13:43:38 BRT" duration-ms="13922">
      <class name="br.com.rsinet.HUB_TDD.testenegativo.BuscaPelaLupaTesteNegativo">
        <test-method is-config="true" signature="AbrirNavegador()[pri:0, instance:br.com.rsinet.HUB_TDD.testenegativo.BuscaPelaLupaTesteNegativo@1356d4d4]" started-at="2020-01-21T13:43:24 BRT" name="AbrirNavegador" finished-at="2020-01-21T13:43:35 BRT" duration-ms="10615" status="PASS">
          <reporter-output>
          </reporter-output>
        </test-method> <!-- AbrirNavegador -->
        <test-method signature="ProcurarItem()[pri:0, instance:br.com.rsinet.HUB_TDD.testenegativo.BuscaPelaLupaTesteNegativo@1356d4d4]" started-at="2020-01-21T13:43:35 BRT" name="ProcurarItem" finished-at="2020-01-21T13:43:37 BRT" duration-ms="2117" status="PASS">
          <reporter-output>
          </reporter-output>
        </test-method> <!-- ProcurarItem -->
        <test-method is-config="true" signature="UsoAssert(org.testng.ITestResult)[pri:0, instance:br.com.rsinet.HUB_TDD.testenegativo.BuscaPelaLupaTesteNegativo@1356d4d4]" started-at="2020-01-21T13:43:37 BRT" name="UsoAssert" finished-at="2020-01-21T13:43:38 BRT" duration-ms="1161" status="PASS">
          <params>
            <param index="0">
              <value>
                <![CDATA[[TestResult name=ProcurarItem status=SUCCESS method=BuscaPelaLupaTesteNegativo.ProcurarItem()[pri:0, instance:br.com.rsinet.HUB_TDD.testenegativo.BuscaPelaLupaTesteNegativo@1356d4d4] output={null}]]]>
              </value>
            </param>
          </params>
          <reporter-output>
          </reporter-output>
        </test-method> <!-- UsoAssert -->
      </class> <!-- br.com.rsinet.HUB_TDD.testenegativo.BuscaPelaLupaTesteNegativo -->
    </test> <!-- Default test -->
  </suite> <!-- Default suite -->
</testng-results>
